{"/home/vier/Downloads/Lab2/src/app.js": {"path":"/home/vier/Downloads/Lab2/src/app.js","statementMap":{"0":{"start":{"line":1,"column":16},"end":{"line":1,"column":34}},"1":{"start":{"line":2,"column":19},"end":{"line":2,"column":50}},"2":{"start":{"line":4,"column":12},"end":{"line":4,"column":21}},"3":{"start":{"line":7,"column":0},"end":{"line":7,"column":24}},"4":{"start":{"line":10,"column":0},"end":{"line":10,"column":34}},"5":{"start":{"line":13,"column":0},"end":{"line":15,"column":3}},"6":{"start":{"line":14,"column":2},"end":{"line":14,"column":55}},"7":{"start":{"line":18,"column":0},"end":{"line":18,"column":21}}},"fnMap":{"0":{"name":"(anonymous_0)","decl":{"start":{"line":13,"column":8},"end":{"line":13,"column":9}},"loc":{"start":{"line":13,"column":22},"end":{"line":15,"column":1}},"line":13}},"branchMap":{},"s":{"0":1,"1":1,"2":1,"3":1,"4":1,"5":1,"6":1,"7":1},"f":{"0":1},"b":{},"_coverageSchema":"1a1c01bbd47fc00a2c39e90264f33305004495a9","hash":"d43b7606c8c1837786c3a77f8caa8662f7214026"}
,"/home/vier/Downloads/Lab2/src/controllers/user.controller.js": {"path":"/home/vier/Downloads/Lab2/src/controllers/user.controller.js","statementMap":{"0":{"start":{"line":2,"column":12},"end":{"line":2,"column":14}},"1":{"start":{"line":7,"column":2},"end":{"line":7,"column":18}},"2":{"start":{"line":14,"column":26},"end":{"line":14,"column":34}},"3":{"start":{"line":17,"column":2},"end":{"line":19,"column":3}},"4":{"start":{"line":18,"column":4},"end":{"line":18,"column":76}},"5":{"start":{"line":22,"column":18},"end":{"line":26,"column":3}},"6":{"start":{"line":29,"column":2},"end":{"line":29,"column":22}},"7":{"start":{"line":32,"column":2},"end":{"line":32,"column":32}},"8":{"start":{"line":35,"column":0},"end":{"line":35,"column":45}}},"fnMap":{"0":{"name":"getAllUsers","decl":{"start":{"line":6,"column":9},"end":{"line":6,"column":20}},"loc":{"start":{"line":6,"column":31},"end":{"line":8,"column":1}},"line":6},"1":{"name":"createUser","decl":{"start":{"line":13,"column":9},"end":{"line":13,"column":19}},"loc":{"start":{"line":13,"column":30},"end":{"line":33,"column":1}},"line":13}},"branchMap":{"0":{"loc":{"start":{"line":17,"column":2},"end":{"line":19,"column":3}},"type":"if","locations":[{"start":{"line":17,"column":2},"end":{"line":19,"column":3}},{"start":{},"end":{}}],"line":17},"1":{"loc":{"start":{"line":17,"column":6},"end":{"line":17,"column":21}},"type":"binary-expr","locations":[{"start":{"line":17,"column":6},"end":{"line":17,"column":11}},{"start":{"line":17,"column":15},"end":{"line":17,"column":21}}],"line":17}},"s":{"0":1,"1":2,"2":6,"3":6,"4":3,"5":3,"6":3,"7":3,"8":1},"f":{"0":2,"1":6},"b":{"0":[3,3],"1":[6,4]},"_coverageSchema":"1a1c01bbd47fc00a2c39e90264f33305004495a9","hash":"8c43b5ee6d0b352a0cd7d46b1944ac4b0cecdec1"}
,"/home/vier/Downloads/Lab2/src/routes/user.routes.js": {"path":"/home/vier/Downloads/Lab2/src/routes/user.routes.js","statementMap":{"0":{"start":{"line":1,"column":16},"end":{"line":1,"column":34}},"1":{"start":{"line":2,"column":36},"end":{"line":2,"column":77}},"2":{"start":{"line":4,"column":15},"end":{"line":4,"column":31}},"3":{"start":{"line":7,"column":0},"end":{"line":7,"column":29}},"4":{"start":{"line":10,"column":0},"end":{"line":10,"column":29}},"5":{"start":{"line":12,"column":0},"end":{"line":12,"column":24}}},"fnMap":{},"branchMap":{},"s":{"0":1,"1":1,"2":1,"3":1,"4":1,"5":1},"f":{},"b":{},"_coverageSchema":"1a1c01bbd47fc00a2c39e90264f33305004495a9","hash":"ecae4f443333a916bab1be7c9270bd45a2c8a637"}
}
